<?xml version="1.0" encoding="UTF-8"?>
<!-- Generated by org.testng.reporters.JUnitXMLReporter -->
<testsuite hostname="hanbingdeMacBook-Air.local" ignored="0" name="Test" tests="7" failures="0" timestamp="15 八月 2020 09:51:52 GMT" time="12.943" errors="0">
  <testcase name="loginTrue" time="0.848" classname="con.course.code.cases.LoginTest"/>
  <testcase name="loginFalse" time="0.119" classname="con.course.code.cases.LoginTest"/>
  <testcase name="addUser" time="0.107" classname="con.course.code.cases.AddUserTest"/>
  <testcase name="getUserInfo" time="2.139" classname="con.course.code.cases.GetUserInfoTest"/>
  <testcase name="updateUserInfo" time="2.265" classname="con.course.code.cases.UpdateUserInfoTest"/>
  <testcase name="deleteUser" time="7.19" classname="con.course.code.cases.UpdateUserInfoTest"/>
  <testcase name="getUserListInfo" time="0.181" classname="con.course.code.cases.GetUserInfoListTest"/>
</testsuite> <!-- Test -->
