<?xml version="1.0" encoding="UTF-8"?>
<!-- Generated by org.testng.reporters.JUnitXMLReporter -->
<testsuite hostname="hanbingdeMacBook-Air.local" ignored="0" name="Default test" tests="4" failures="0" timestamp="12 八月 2020 09:13:11 GMT" time="0.085" errors="0">
  <testcase name="test1" time="0.006" classname="con.course.code.Chapter5.groups.GroupsOnMethod"/>
  <testcase name="test2" time="0.003" classname="con.course.code.Chapter5.groups.GroupsOnMethod"/>
  <testcase name="test3" time="0.002" classname="con.course.code.Chapter5.groups.GroupsOnMethod"/>
  <testcase name="test4" time="0.003" classname="con.course.code.Chapter5.groups.GroupsOnMethod"/>
</testsuite> <!-- Default test -->
