<?xml version="1.0" encoding="UTF-8"?>
<!-- Generated by org.testng.reporters.JUnitXMLReporter -->
<testsuite hostname="hanbingdeMacBook-Air.local" ignored="2" name="onlyRunStu" tests="4" failures="0" timestamp="29 七月 2020 04:51:59 GMT" time="0.018" errors="0">
  <testcase name="stu1" time="0.002" classname="con.course.code.Chapter5.groups.GroupsOnClass1"/>
  <testcase name="stu2" time="0.003" classname="con.course.code.Chapter5.groups.GroupsOnClass1"/>
  <testcase name="stu1" time="0.001" classname="con.course.code.Chapter5.groups.GroupsOnClass2"/>
  <testcase name="stu2" time="0.002" classname="con.course.code.Chapter5.groups.GroupsOnClass2"/>
  <testcase name="teacher2" time="0.0" classname="con.course.code.Chapter5.groups.GroupsOnClass3">
    <ignored/>
  </testcase> <!-- teacher2 -->
  <testcase name="teacher1" time="0.0" classname="con.course.code.Chapter5.groups.GroupsOnClass3">
    <ignored/>
  </testcase> <!-- teacher1 -->
</testsuite> <!-- onlyRunStu -->
