<?xml version="1.0" encoding="UTF-8"?>
<testng-results skipped="0" failed="0" ignored="0" total="4" passed="4">
  <reporter-output>
  </reporter-output>
  <suite name="Default suite" duration-ms="85" started-at="2020-08-12T09:13:06Z" finished-at="2020-08-12T09:13:06Z">
    <groups>
      <group name="server">
        <method signature="GroupsOnMethod.test1()[pri:0, instance:con.course.code.Chapter5.groups.GroupsOnMethod@29f69090]" name="test1" class="con.course.code.Chapter5.groups.GroupsOnMethod"/>
        <method signature="GroupsOnMethod.test2()[pri:0, instance:con.course.code.Chapter5.groups.GroupsOnMethod@29f69090]" name="test2" class="con.course.code.Chapter5.groups.GroupsOnMethod"/>
      </group> <!-- server -->
      <group name="client">
        <method signature="GroupsOnMethod.test3()[pri:0, instance:con.course.code.Chapter5.groups.GroupsOnMethod@29f69090]" name="test3" class="con.course.code.Chapter5.groups.GroupsOnMethod"/>
        <method signature="GroupsOnMethod.test4()[pri:0, instance:con.course.code.Chapter5.groups.GroupsOnMethod@29f69090]" name="test4" class="con.course.code.Chapter5.groups.GroupsOnMethod"/>
      </group> <!-- client -->
    </groups>
    <test name="Default test" duration-ms="85" started-at="2020-08-12T09:13:06Z" finished-at="2020-08-12T09:13:06Z">
      <class name="con.course.code.Chapter5.groups.GroupsOnMethod">
        <test-method status="PASS" signature="beforeGroups()[pri:0, instance:con.course.code.Chapter5.groups.GroupsOnMethod@29f69090]" name="beforeGroups" is-config="true" duration-ms="6" started-at="2020-08-12T09:13:06Z" finished-at="2020-08-12T09:13:06Z">
          <reporter-output>
          </reporter-output>
        </test-method> <!-- beforeGroups -->
        <test-method status="PASS" signature="test1()[pri:0, instance:con.course.code.Chapter5.groups.GroupsOnMethod@29f69090]" name="test1" duration-ms="6" started-at="2020-08-12T09:13:06Z" finished-at="2020-08-12T09:13:06Z">
          <reporter-output>
          </reporter-output>
        </test-method> <!-- test1 -->
        <test-method status="PASS" signature="test2()[pri:0, instance:con.course.code.Chapter5.groups.GroupsOnMethod@29f69090]" name="test2" duration-ms="3" started-at="2020-08-12T09:13:06Z" finished-at="2020-08-12T09:13:06Z">
          <reporter-output>
          </reporter-output>
        </test-method> <!-- test2 -->
        <test-method status="PASS" signature="afterGroups()[pri:0, instance:con.course.code.Chapter5.groups.GroupsOnMethod@29f69090]" name="afterGroups" is-config="true" duration-ms="1" started-at="2020-08-12T09:13:06Z" finished-at="2020-08-12T09:13:06Z">
          <reporter-output>
          </reporter-output>
        </test-method> <!-- afterGroups -->
        <test-method status="PASS" signature="test3()[pri:0, instance:con.course.code.Chapter5.groups.GroupsOnMethod@29f69090]" name="test3" duration-ms="2" started-at="2020-08-12T09:13:06Z" finished-at="2020-08-12T09:13:06Z">
          <reporter-output>
          </reporter-output>
        </test-method> <!-- test3 -->
        <test-method status="PASS" signature="test4()[pri:0, instance:con.course.code.Chapter5.groups.GroupsOnMethod@29f69090]" name="test4" duration-ms="3" started-at="2020-08-12T09:13:06Z" finished-at="2020-08-12T09:13:06Z">
          <reporter-output>
          </reporter-output>
        </test-method> <!-- test4 -->
      </class> <!-- con.course.code.Chapter5.groups.GroupsOnMethod -->
    </test> <!-- Default test -->
  </suite> <!-- Default suite -->
</testng-results>
