<?xml version="1.0" encoding="UTF-8"?>
<!-- Generated by org.testng.reporters.JUnitXMLReporter -->
<testsuite hostname="hanbingdeMacBook-Air.local" ignored="0" name="Test" tests="7" failures="2" timestamp="15 八月 2020 12:32:01 GMT" time="0.233" errors="0">
  <testcase name="loginTrue" time="0.01" classname="con.course.code.cases.LoginTest">
    <failure type="java.io.IOException" message="Could not find resource databaseConfig.xml">
      <![CDATA[java.io.IOException: Could not find resource databaseConfig.xml
at org.apache.ibatis.io.Resources.getResourceAsStream(Resources.java:114)
at org.apache.ibatis.io.Resources.getResourceAsStream(Resources.java:100)
at org.apache.ibatis.io.Resources.getResourceAsReader(Resources.java:160)
at con.course.code.utils.DatabaseUtils.getSqlSession(DatabaseUtils.java:15)
at con.course.code.cases.LoginTest.loginTrue(LoginTest.java:40)
... Removed 28 stack frames]]>
    </failure>
  </testcase> <!-- loginTrue -->
  <testcase name="loginFalse" time="0.003" classname="con.course.code.cases.LoginTest">
    <failure type="java.io.IOException" message="Could not find resource databaseConfig.xml">
      <![CDATA[java.io.IOException: Could not find resource databaseConfig.xml
at org.apache.ibatis.io.Resources.getResourceAsStream(Resources.java:114)
at org.apache.ibatis.io.Resources.getResourceAsStream(Resources.java:100)
at org.apache.ibatis.io.Resources.getResourceAsReader(Resources.java:160)
at con.course.code.utils.DatabaseUtils.getSqlSession(DatabaseUtils.java:15)
at con.course.code.cases.LoginTest.loginFalse(LoginTest.java:55)
... Removed 28 stack frames]]>
    </failure>
  </testcase> <!-- loginFalse -->
  <testcase name="addUser" time="0.0" classname="con.course.code.cases.AddUserTest">
    <skipped/>
  </testcase> <!-- addUser -->
  <testcase name="getUserInfo" time="0.0" classname="con.course.code.cases.GetUserInfoTest">
    <skipped/>
  </testcase> <!-- getUserInfo -->
  <testcase name="updateUserInfo" time="0.0" classname="con.course.code.cases.UpdateUserInfoTest">
    <skipped/>
  </testcase> <!-- updateUserInfo -->
  <testcase name="deleteUser" time="0.0" classname="con.course.code.cases.UpdateUserInfoTest">
    <skipped/>
  </testcase> <!-- deleteUser -->
  <testcase name="getUserListInfo" time="0.0" classname="con.course.code.cases.GetUserInfoListTest">
    <skipped/>
  </testcase> <!-- getUserListInfo -->
</testsuite> <!-- Test -->
