<?xml version="1.0" encoding="UTF-8"?>
<!-- Generated by org.testng.reporters.JUnitXMLReporter -->
<testsuite hostname="hanbingdeMacBook-Air.local" ignored="0" name="Default test" tests="3" failures="0" timestamp="12 八月 2020 09:19:58 GMT" time="2.419" errors="0">
  <testcase name="loginTrue" time="1.844" classname="con.course.code.cases.LoginTest"/>
  <testcase name="loginFalse" time="0.173" classname="con.course.code.cases.LoginTest"/>
  <testcase name="getUserInfo" time="0.176" classname="con.course.code.cases.GetUserInfoTest"/>
</testsuite> <!-- Default test -->
